0 info it worked if it ends with ok
1 verbose cli [ '/usr/local/bin/node',
1 verbose cli   '/usr/local/bin/npm',
1 verbose cli   'install',
1 verbose cli   'bootstrap-typeahead' ]
2 info using npm@1.1.66
3 info using node@v0.8.15
4 verbose read json /home/daxxog/dev/git/bootstrap-typeahead-dax/package.json
5 verbose from cache /home/daxxog/dev/git/bootstrap-typeahead-dax/package.json
6 verbose readDependencies using package.json deps
7 verbose cache add [ 'bootstrap-typeahead', null ]
8 silly cache add name=undefined spec="bootstrap-typeahead" args=["bootstrap-typeahead",null]
9 verbose parsed url { pathname: 'bootstrap-typeahead',
9 verbose parsed url   path: 'bootstrap-typeahead',
9 verbose parsed url   href: 'bootstrap-typeahead' }
10 silly lockFile 0bc279ba-bootstrap-typeahead bootstrap-typeahead
11 verbose lock bootstrap-typeahead /home/daxxog/.npm/0bc279ba-bootstrap-typeahead.lock
12 silly lockFile 0bc279ba-bootstrap-typeahead bootstrap-typeahead
13 verbose addNamed [ 'bootstrap-typeahead', '' ]
14 verbose addNamed [ null, '' ]
15 silly lockFile 83abdf1f-bootstrap-typeahead bootstrap-typeahead@
16 verbose lock bootstrap-typeahead@ /home/daxxog/.npm/83abdf1f-bootstrap-typeahead.lock
17 silly addNameRange { name: 'bootstrap-typeahead', range: '', hasData: false }
18 verbose url raw bootstrap-typeahead
19 verbose url resolving [ 'https://registry.npmjs.org/', './bootstrap-typeahead' ]
20 verbose url resolved https://registry.npmjs.org/bootstrap-typeahead
21 info trying registry request attempt 1 at 20:29:00
22 http GET https://registry.npmjs.org/bootstrap-typeahead
23 http 404 https://registry.npmjs.org/bootstrap-typeahead
24 silly registry.get cb [ 404,
24 silly registry.get   { server: 'CouchDB/1.2.0 (Erlang OTP/R15B)',
24 silly registry.get     date: 'Fri, 28 Dec 2012 02:27:53 GMT',
24 silly registry.get     'content-type': 'application/json',
24 silly registry.get     'content-length': '52',
24 silly registry.get     'cache-control': 'must-revalidate' } ]
25 silly lockFile 83abdf1f-bootstrap-typeahead bootstrap-typeahead@
26 error 404 'bootstrap-typeahead' is not in the npm registry.
26 error 404 You should bug the author to publish it
26 error 404
26 error 404 Note that you can also install from a
26 error 404 tarball, folder, or http url, or git url.
27 error System Linux 3.2.0-35-generic
28 error command "/usr/local/bin/node" "/usr/local/bin/npm" "install" "bootstrap-typeahead"
29 error cwd /home/daxxog/dev/git/bootstrap-typeahead-dax
30 error node -v v0.8.15
31 error npm -v 1.1.66
32 error code E404
33 verbose exit [ 1, true ]
